TN:
SF:/Users/zsp/Course/CSC591 DevOps/TestGeneration/test.js
FNF:0
FNH:0
DA:1,1
DA:2,1
DA:3,1
DA:4,1
DA:5,1
DA:6,1
DA:7,1
DA:8,1
DA:9,1
DA:10,1
DA:11,1
DA:12,1
DA:13,1
DA:14,1
DA:15,1
DA:16,1
DA:17,1
DA:18,1
DA:19,1
DA:20,1
DA:21,1
DA:22,1
DA:23,1
DA:24,1
DA:25,1
DA:26,1
DA:27,1
DA:28,1
DA:29,1
DA:30,1
DA:31,1
DA:32,1
DA:33,1
DA:34,1
DA:35,1
DA:36,1
DA:37,1
DA:38,1
DA:39,1
DA:40,1
DA:41,1
DA:42,1
DA:43,1
DA:44,1
DA:45,1
DA:46,1
DA:47,1
DA:48,1
DA:49,1
DA:50,1
DA:51,1
DA:52,1
DA:53,1
DA:54,1
DA:55,1
DA:56,1
DA:57,1
DA:58,1
DA:59,1
DA:60,1
DA:61,1
DA:62,1
DA:63,1
DA:64,1
DA:65,1
DA:66,1
DA:67,1
DA:68,1
DA:69,1
DA:70,1
DA:71,1
LF:71
LH:71
BRF:0
BRH:0
end_of_record
TN:
SF:/Users/zsp/Course/CSC591 DevOps/TestGeneration/subject.js
FN:3,inc
FN:12,weird
FN:40,fileTest
FN:64,normalize
FN:73,format
FN:88,blackListNumber
FNF:6
FNH:6
FNDA:5,inc
FNDA:33,weird
FNDA:9,fileTest
FNDA:6,normalize
FNDA:6,format
FNDA:3,blackListNumber
DA:1,1
DA:3,1
DA:4,5
DA:5,5
DA:7,3
DA:9,5
DA:12,1
DA:14,33
DA:16,9
DA:18,24
DA:20,12
DA:22,3
DA:24,9
DA:26,3
DA:31,12
DA:33,9
DA:36,18
DA:40,1
DA:42,9
DA:44,4
DA:47,5
DA:48,5
DA:50,2
DA:53,3
DA:55,2
DA:56,2
DA:58,1
DA:60,1
DA:64,1
DA:66,6
DA:73,1
DA:76,6
DA:77,4
DA:80,6
DA:81,10
DA:84,6
DA:88,1
DA:90,3
DA:91,3
DA:92,3
DA:94,2
DA:96,1
DA:99,1
DA:100,1
DA:101,1
DA:102,1
DA:103,1
DA:104,1
LF:48
LH:48
BRDA:4,1,0,3
BRDA:4,1,1,2
BRDA:5,2,0,3
BRDA:5,2,1,2
BRDA:14,3,0,9
BRDA:14,3,1,24
BRDA:14,4,0,33
BRDA:14,4,1,17
BRDA:18,5,0,12
BRDA:18,5,1,12
BRDA:20,6,0,3
BRDA:20,6,1,9
BRDA:24,7,0,3
BRDA:24,7,1,6
BRDA:31,8,0,9
BRDA:31,8,1,3
BRDA:42,9,0,4
BRDA:42,9,1,5
BRDA:48,10,0,2
BRDA:48,10,1,3
BRDA:53,11,0,2
BRDA:53,11,1,1
BRDA:56,12,0,1
BRDA:56,12,1,1
BRDA:76,13,0,4
BRDA:76,13,1,2
BRDA:76,14,0,6
BRDA:76,14,1,3
BRDA:92,15,0,2
BRDA:92,15,1,1
BRF:30
BRH:30
end_of_record
